[2025-06-21 14:49:34,550 I 89970 32514409] core_worker_process.cc:192: Constructing CoreWorkerProcess. pid: 89970
[2025-06-21 14:49:34,550 I 89970 32514409] io_service_pool.cc:36: IOServicePool is running with 1 io_service.
[2025-06-21 14:49:34,551 I 89970 32514409] grpc_server.cc:138: worker server started, listening on port 49928.
[2025-06-21 14:49:34,552 I 89970 32514409] core_worker.cc:539: Initializing worker at address: 127.0.0.1:49928 worker_id=114ebded35e90ba261d93ae1b6f8f34beab1b8c87235a242007e7d03 node_id=4dcdc28245f5e5c1b0dd277181a4e7b2a26ba06349355cdc7c02e83b
[2025-06-21 14:49:34,552 I 89970 32514409] task_event_buffer.cc:287: Reporting task events to GCS every 1000ms.
[2025-06-21 14:49:34,553 I 89970 32514409] core_worker.cc:983: Adjusted worker niceness to 15
[2025-06-21 14:49:34,553 I 89970 32514734] core_worker.cc:918: Event stats:


Global stats: 15 total (9 active)
Queueing time: mean = 5.867 us, max = 56.000 us, min = 7.000 us, total = 88.000 us
Execution time:  mean = 43.000 us, total = 645.000 us
Event stats:
	PeriodicalRunner.RunFnPeriodically - 7 total (5 active, 1 running), Execution time: mean = 19.714 us, total = 138.000 us, Queueing time: mean = 10.429 us, max = 56.000 us, min = 17.000 us, total = 73.000 us
	CoreWorker.ExitIfParentRayletDies - 1 total (1 active), Execution time: mean = 0.000 ns, total = 0.000 ns, Queueing time: mean = 0.000 ns, max = -1.000 ns, min = 9223372036.855 s, total = 0.000 ns
	ray::rpc::InternalPubSubGcsService.grpc_client.GcsSubscriberCommandBatch - 1 total (0 active), Execution time: mean = 186.000 us, total = 186.000 us, Queueing time: mean = 0.000 ns, max = -1.000 ns, min = 9223372036.855 s, total = 0.000 ns
	Publisher.CheckDeadSubscribers - 1 total (1 active), Execution time: mean = 0.000 ns, total = 0.000 ns, Queueing time: mean = 0.000 ns, max = -1.000 ns, min = 9223372036.855 s, total = 0.000 ns
	ray::rpc::WorkerInfoGcsService.grpc_client.AddWorkerInfo.OnReplyReceived - 1 total (0 active), Execution time: mean = 10.000 us, total = 10.000 us, Queueing time: mean = 8.000 us, max = 8.000 us, min = 8.000 us, total = 8.000 us
	ray::rpc::InternalPubSubGcsService.grpc_client.GcsSubscriberPoll - 1 total (1 active), Execution time: mean = 0.000 ns, total = 0.000 ns, Queueing time: mean = 0.000 ns, max = -1.000 ns, min = 9223372036.855 s, total = 0.000 ns
	ray::rpc::NodeInfoGcsService.grpc_client.GetAllNodeInfo - 1 total (1 active), Execution time: mean = 0.000 ns, total = 0.000 ns, Queueing time: mean = 0.000 ns, max = -1.000 ns, min = 9223372036.855 s, total = 0.000 ns
	ray::rpc::InternalPubSubGcsService.grpc_client.GcsSubscriberCommandBatch.OnReplyReceived - 1 total (0 active), Execution time: mean = 43.000 us, total = 43.000 us, Queueing time: mean = 7.000 us, max = 7.000 us, min = 7.000 us, total = 7.000 us
	ray::rpc::WorkerInfoGcsService.grpc_client.AddWorkerInfo - 1 total (0 active), Execution time: mean = 268.000 us, total = 268.000 us, Queueing time: mean = 0.000 ns, max = -1.000 ns, min = 9223372036.855 s, total = 0.000 ns

-----------------
Task execution event stats:

Global stats: 0 total (0 active)
Queueing time: mean = nan ns, max = -1.000 ns, min = 9223372036.855 s, total = 0.000 ns
Execution time:  mean = nan ns, total = 0.000 ns
Event stats:

-----------------
Task Event stats:

IO Service Stats:

Global stats: 4 total (1 active)
Queueing time: mean = 5.000 us, max = 12.000 us, min = 8.000 us, total = 20.000 us
Execution time:  mean = 65.250 us, total = 261.000 us
Event stats:
	PeriodicalRunner.RunFnPeriodically - 1 total (0 active), Execution time: mean = 45.000 us, total = 45.000 us, Queueing time: mean = 8.000 us, max = 8.000 us, min = 8.000 us, total = 8.000 us
	ray::rpc::TaskInfoGcsService.grpc_client.AddTaskEventData.OnReplyReceived - 1 total (0 active), Execution time: mean = 8.000 us, total = 8.000 us, Queueing time: mean = 12.000 us, max = 12.000 us, min = 12.000 us, total = 12.000 us
	ray::rpc::TaskInfoGcsService.grpc_client.AddTaskEventData - 1 total (0 active), Execution time: mean = 208.000 us, total = 208.000 us, Queueing time: mean = 0.000 ns, max = -1.000 ns, min = 9223372036.855 s, total = 0.000 ns
	CoreWorker.deadline_timer.flush_task_events - 1 total (1 active), Execution time: mean = 0.000 ns, total = 0.000 ns, Queueing time: mean = 0.000 ns, max = -1.000 ns, min = 9223372036.855 s, total = 0.000 ns
Other Stats:
	grpc_in_progress:0
	current number of task status events in buffer: 0
	current number of profile events in buffer: 0
	current number of dropped task attempts tracked: 0
	total task events sent: 0 MiB
	total number of task attempts sent: 0
	total number of task attempts dropped reported: 0
	total number of sent failure: 0
	num status task events dropped: 0
	num profile task events dropped: 0


[2025-06-21 14:49:34,553 I 89970 32514409] event.cc:500: Ray Event initialized for CORE_WORKER
[2025-06-21 14:49:34,553 I 89970 32514409] event.cc:500: Ray Event initialized for EXPORT_TASK
[2025-06-21 14:49:34,553 I 89970 32514409] event.cc:331: Set ray event level to warning
[2025-06-21 14:49:34,553 I 89970 32514734] accessor.cc:765: Received notification for node, IsAlive = 1 node_id=4dcdc28245f5e5c1b0dd277181a4e7b2a26ba06349355cdc7c02e83b
[2025-06-21 14:49:34,553 I 89970 32514734] core_worker.cc:5106: Number of alive nodes:1
[2025-06-21 14:49:35,743 I 89970 32514734] core_worker.cc:1179: Exit signal received, this process will exit after all outstanding tasks have finished, exit_type=INTENDED_SYSTEM_EXIT, detail=Worker exits because it was idle (it doesn't have objects it owns while no task or actor has been scheduled) for a long time.
[2025-06-21 14:49:35,743 I 89970 32514409] core_worker.cc:1228: Wait for currently executing tasks in the underlying thread pools to finish.
[2025-06-21 14:49:35,744 I 89970 32514409] core_worker.cc:1104: Sending disconnect message to the local raylet.
[2025-06-21 14:49:35,744 I 89970 32514409] raylet_client.cc:73: RayletClient::Disconnect, exit_type=INTENDED_SYSTEM_EXIT, exit_detail=Worker exits because it was idle (it doesn't have objects it owns while no task or actor has been scheduled) for a long time., has creation_task_exception_pb_bytes=0
[2025-06-21 14:49:35,744 I 89970 32514409] core_worker.cc:1110: Disconnected from the local raylet.
[2025-06-21 14:49:35,744 I 89970 32514409] core_worker.cc:1022: Shutting down.
[2025-06-21 14:49:35,744 I 89970 32514409] task_event_buffer.cc:298: Shutting down TaskEventBuffer.
[2025-06-21 14:49:35,744 I 89970 32514742] task_event_buffer.cc:266: Task event buffer io service stopped.
[2025-06-21 14:49:35,745 I 89970 32514409] core_worker.cc:1044: Waiting for joining a core worker io thread. If it hangs here, there might be deadlock or a high load in the core worker io service.
[2025-06-21 14:49:35,745 I 89970 32514734] core_worker.cc:1290: Core worker main io service stopped.
[2025-06-21 14:49:35,745 W 89970 32514729] metric_exporter.cc:105: [1] Export metrics to agent failed: RpcError: RPC Error message: failed to connect to all addresses; last error: UNKNOWN: ipv4:127.0.0.1:55293: Failed to connect to remote host: Connection refused; RPC Error details:  rpc_code: 14. This won't affect Ray, but you can lose metrics from the cluster.
[2025-06-21 14:49:35,746 I 89970 32514409] core_worker.cc:1056: Disconnecting a GCS client.
[2025-06-21 14:49:35,746 I 89970 32514409] core_worker.cc:1063: Core worker ready to be deallocated.
[2025-06-21 14:49:35,746 I 89970 32514409] core_worker_process.cc:336: Task execution loop terminated. Removing the global worker.
[2025-06-21 14:49:35,746 I 89970 32514409] core_worker.cc:1013: Core worker is destructed
[2025-06-21 14:49:35,746 I 89970 32514409] task_event_buffer.cc:298: Shutting down TaskEventBuffer.
[2025-06-21 14:49:35,746 I 89970 32514409] core_worker_process.cc:237: Destructing CoreWorkerProcessImpl. pid: 89970
[2025-06-21 14:49:35,746 I 89970 32514409] io_service_pool.cc:48: IOServicePool is stopped.
[2025-06-21 14:49:35,895 I 89970 32514409] stats.h:120: Stats module has shutdown.
[2025-06-21 14:49:35,904 W 89970 32514409] core_worker_process.cc:251: The core worker process is not initialized yet or already shutdown.
