:job_id:01000000
:actor_name:PPO
2025-06-21 14:49:45,859	INFO env_runner_group.py:320 -- Inferred observation/action spaces from remote worker (local worker has no env): {'piston': (Box(0, 255, (457, 120, 3), uint8), Box(-1.0, 1.0, (1,), float32)), '__env__': (None, None)}
2025-06-21 14:49:46,094	INFO catalog.py:407 -- Wrapping <class 'ray_models.PistonParametricModel'> as None
2025-06-21 14:49:46,215	INFO policy.py:1234 -- Policy (worker=local) running on CPU.
2025-06-21 14:49:46,215	INFO torch_policy_v2.py:105 -- Found 0 visible cuda devices.
2025-06-21 14:49:47,187	INFO util.py:118 -- Using connectors:
2025-06-21 14:49:47,187	INFO util.py:119 --     AgentConnectorPipeline
        ObsPreprocessorConnector
        StateBufferConnector
        ViewRequirementAgentConnector
2025-06-21 14:49:47,187	INFO util.py:120 --     ActionConnectorPipeline
        ConvertToNumpyConnector
        NormalizeActionsConnector
        ImmutableActionsConnector
2025-06-21 14:49:47,187	INFO rollout_worker.py:1742 -- Built policy map: <PolicyMap lru-caching-capacity=100 policy-IDs=['piston']>
2025-06-21 14:49:47,188	INFO rollout_worker.py:1743 -- Built preprocessor map: {'piston': None}
2025-06-21 14:49:47,188	INFO rollout_worker.py:542 -- Built filter map: defaultdict(<class 'ray.rllib.utils.filter.NoFilter'>, {})
2025-06-21 14:49:47,191	INFO env_runner_group.py:320 -- Inferred observation/action spaces from remote worker (local worker has no env): {'piston': (Box(0, 255, (457, 120, 3), uint8), Box(-1.0, 1.0, (1,), float32)), '__env__': (None, None)}
Install gputil for GPU system monitoring.
:actor_name:PPO
2025-06-21 14:50:10,503	WARNING deprecation.py:50 -- DeprecationWarning: `_get_slice_indices` has been deprecated. This will raise an error in the future!
2025-06-21 14:50:10,523	INFO rollout_worker.py:790 -- Training on concatenated sample batches:

{ 'count': 64,
  'policy_batches': { 'piston': { 'action_dist_inputs': np.ndarray((64, 2), dtype=float32, min=-0.025, max=0.034, mean=-0.004),
                                  'action_logp': np.ndarray((64,), dtype=float32, min=-4.942, max=-0.9, mean=-1.506),
                                  'actions': np.ndarray((64, 1), dtype=float32, min=-1.702, max=2.767, mean=0.149),
                                  'advantages': np.ndarray((64,), dtype=float32, min=-2.207, max=4.276, mean=-0.022),
                                  'agent_index': np.ndarray((64,), dtype=int64, min=0.0, max=9.0, mean=4.469),
                                  'eps_id': np.ndarray((64,), dtype=int64, min=2.6606380121332896e+17, max=7.046416468438333e+17, mean=4.812160049583371e+17),
                                  'infos': np.ndarray((64,), dtype=object, head={}),
                                  'new_obs': np.ndarray((64, 457, 120, 3), dtype=uint8, min=58.0, max=221.0, mean=74.432),
                                  'obs': np.ndarray((64, 457, 120, 3), dtype=uint8, min=58.0, max=221.0, mean=74.432),
                                  'rewards': np.ndarray((64,), dtype=float32, min=-7.892, max=3.147, mean=-0.128),
                                  't': np.ndarray((64,), dtype=int64, min=0.0, max=124.0, mean=68.781),
                                  'terminateds': np.ndarray((64,), dtype=bool, min=0.0, max=0.0, mean=0.0),
                                  'truncateds': np.ndarray((64,), dtype=bool, min=0.0, max=0.0, mean=0.0),
                                  'unroll_id': np.ndarray((64,), dtype=int64, min=10.0, max=39.0, mean=25.406),
                                  'value_targets': np.ndarray((64,), dtype=float32, min=-20.697, max=39.706, mean=-0.334),
                                  'values_bootstrapped': np.ndarray((64,), dtype=float32, min=-0.022, max=-0.02, mean=-0.021),
                                  'vf_preds': np.ndarray((64,), dtype=float32, min=-0.022, max=-0.02, mean=-0.021)}},
  'type': 'MultiAgentBatch'}

Checkpoint successfully created at: Checkpoint(filesystem=local, path=/Users/jandupont/Documents/Uni-master/2_Semester/Reinforcement_Learning/PistonBall_PPO/src/results/pistonball_baseline/PPO_PistonBallRLlibEnvironment_2ee94_00000_0_2025-06-21_14-49-34/checkpoint_000000)
Checkpoint successfully created at: Checkpoint(filesystem=local, path=/Users/jandupont/Documents/Uni-master/2_Semester/Reinforcement_Learning/PistonBall_PPO/src/results/pistonball_baseline/PPO_PistonBallRLlibEnvironment_2ee94_00000_0_2025-06-21_14-49-34/checkpoint_000001)
Checkpoint successfully created at: Checkpoint(filesystem=local, path=/Users/jandupont/Documents/Uni-master/2_Semester/Reinforcement_Learning/PistonBall_PPO/src/results/pistonball_baseline/PPO_PistonBallRLlibEnvironment_2ee94_00000_0_2025-06-21_14-49-34/checkpoint_000002)
Checkpoint successfully created at: Checkpoint(filesystem=local, path=/Users/jandupont/Documents/Uni-master/2_Semester/Reinforcement_Learning/PistonBall_PPO/src/results/pistonball_baseline/PPO_PistonBallRLlibEnvironment_2ee94_00000_0_2025-06-21_14-49-34/checkpoint_000003)
Checkpoint successfully created at: Checkpoint(filesystem=local, path=/Users/jandupont/Documents/Uni-master/2_Semester/Reinforcement_Learning/PistonBall_PPO/src/results/pistonball_baseline/PPO_PistonBallRLlibEnvironment_2ee94_00000_0_2025-06-21_14-49-34/checkpoint_000004)
Checkpoint successfully created at: Checkpoint(filesystem=local, path=/Users/jandupont/Documents/Uni-master/2_Semester/Reinforcement_Learning/PistonBall_PPO/src/results/pistonball_baseline/PPO_PistonBallRLlibEnvironment_2ee94_00000_0_2025-06-21_14-49-34/checkpoint_000005)
Checkpoint successfully created at: Checkpoint(filesystem=local, path=/Users/jandupont/Documents/Uni-master/2_Semester/Reinforcement_Learning/PistonBall_PPO/src/results/pistonball_baseline/PPO_PistonBallRLlibEnvironment_2ee94_00000_0_2025-06-21_14-49-34/checkpoint_000006)
Checkpoint successfully created at: Checkpoint(filesystem=local, path=/Users/jandupont/Documents/Uni-master/2_Semester/Reinforcement_Learning/PistonBall_PPO/src/results/pistonball_baseline/PPO_PistonBallRLlibEnvironment_2ee94_00000_0_2025-06-21_14-49-34/checkpoint_000007)
Checkpoint successfully created at: Checkpoint(filesystem=local, path=/Users/jandupont/Documents/Uni-master/2_Semester/Reinforcement_Learning/PistonBall_PPO/src/results/pistonball_baseline/PPO_PistonBallRLlibEnvironment_2ee94_00000_0_2025-06-21_14-49-34/checkpoint_000008)
Checkpoint successfully created at: Checkpoint(filesystem=local, path=/Users/jandupont/Documents/Uni-master/2_Semester/Reinforcement_Learning/PistonBall_PPO/src/results/pistonball_baseline/PPO_PistonBallRLlibEnvironment_2ee94_00000_0_2025-06-21_14-49-34/checkpoint_000009)
Checkpoint successfully created at: Checkpoint(filesystem=local, path=/Users/jandupont/Documents/Uni-master/2_Semester/Reinforcement_Learning/PistonBall_PPO/src/results/pistonball_baseline/PPO_PistonBallRLlibEnvironment_2ee94_00000_0_2025-06-21_14-49-34/checkpoint_000010)
Checkpoint successfully created at: Checkpoint(filesystem=local, path=/Users/jandupont/Documents/Uni-master/2_Semester/Reinforcement_Learning/PistonBall_PPO/src/results/pistonball_baseline/PPO_PistonBallRLlibEnvironment_2ee94_00000_0_2025-06-21_14-49-34/checkpoint_000011)
Checkpoint successfully created at: Checkpoint(filesystem=local, path=/Users/jandupont/Documents/Uni-master/2_Semester/Reinforcement_Learning/PistonBall_PPO/src/results/pistonball_baseline/PPO_PistonBallRLlibEnvironment_2ee94_00000_0_2025-06-21_14-49-34/checkpoint_000012)
Checkpoint successfully created at: Checkpoint(filesystem=local, path=/Users/jandupont/Documents/Uni-master/2_Semester/Reinforcement_Learning/PistonBall_PPO/src/results/pistonball_baseline/PPO_PistonBallRLlibEnvironment_2ee94_00000_0_2025-06-21_14-49-34/checkpoint_000013)
Checkpoint successfully created at: Checkpoint(filesystem=local, path=/Users/jandupont/Documents/Uni-master/2_Semester/Reinforcement_Learning/PistonBall_PPO/src/results/pistonball_baseline/PPO_PistonBallRLlibEnvironment_2ee94_00000_0_2025-06-21_14-49-34/checkpoint_000014)
Checkpoint successfully created at: Checkpoint(filesystem=local, path=/Users/jandupont/Documents/Uni-master/2_Semester/Reinforcement_Learning/PistonBall_PPO/src/results/pistonball_baseline/PPO_PistonBallRLlibEnvironment_2ee94_00000_0_2025-06-21_14-49-34/checkpoint_000015)
Checkpoint successfully created at: Checkpoint(filesystem=local, path=/Users/jandupont/Documents/Uni-master/2_Semester/Reinforcement_Learning/PistonBall_PPO/src/results/pistonball_baseline/PPO_PistonBallRLlibEnvironment_2ee94_00000_0_2025-06-21_14-49-34/checkpoint_000016)
Checkpoint successfully created at: Checkpoint(filesystem=local, path=/Users/jandupont/Documents/Uni-master/2_Semester/Reinforcement_Learning/PistonBall_PPO/src/results/pistonball_baseline/PPO_PistonBallRLlibEnvironment_2ee94_00000_0_2025-06-21_14-49-34/checkpoint_000017)
Checkpoint successfully created at: Checkpoint(filesystem=local, path=/Users/jandupont/Documents/Uni-master/2_Semester/Reinforcement_Learning/PistonBall_PPO/src/results/pistonball_baseline/PPO_PistonBallRLlibEnvironment_2ee94_00000_0_2025-06-21_14-49-34/checkpoint_000018)
Checkpoint successfully created at: Checkpoint(filesystem=local, path=/Users/jandupont/Documents/Uni-master/2_Semester/Reinforcement_Learning/PistonBall_PPO/src/results/pistonball_baseline/PPO_PistonBallRLlibEnvironment_2ee94_00000_0_2025-06-21_14-49-34/checkpoint_000019)
Checkpoint successfully created at: Checkpoint(filesystem=local, path=/Users/jandupont/Documents/Uni-master/2_Semester/Reinforcement_Learning/PistonBall_PPO/src/results/pistonball_baseline/PPO_PistonBallRLlibEnvironment_2ee94_00000_0_2025-06-21_14-49-34/checkpoint_000020)
Checkpoint successfully created at: Checkpoint(filesystem=local, path=/Users/jandupont/Documents/Uni-master/2_Semester/Reinforcement_Learning/PistonBall_PPO/src/results/pistonball_baseline/PPO_PistonBallRLlibEnvironment_2ee94_00000_0_2025-06-21_14-49-34/checkpoint_000021)
Checkpoint successfully created at: Checkpoint(filesystem=local, path=/Users/jandupont/Documents/Uni-master/2_Semester/Reinforcement_Learning/PistonBall_PPO/src/results/pistonball_baseline/PPO_PistonBallRLlibEnvironment_2ee94_00000_0_2025-06-21_14-49-34/checkpoint_000022)
Checkpoint successfully created at: Checkpoint(filesystem=local, path=/Users/jandupont/Documents/Uni-master/2_Semester/Reinforcement_Learning/PistonBall_PPO/src/results/pistonball_baseline/PPO_PistonBallRLlibEnvironment_2ee94_00000_0_2025-06-21_14-49-34/checkpoint_000023)
Checkpoint successfully created at: Checkpoint(filesystem=local, path=/Users/jandupont/Documents/Uni-master/2_Semester/Reinforcement_Learning/PistonBall_PPO/src/results/pistonball_baseline/PPO_PistonBallRLlibEnvironment_2ee94_00000_0_2025-06-21_14-49-34/checkpoint_000024)
Checkpoint successfully created at: Checkpoint(filesystem=local, path=/Users/jandupont/Documents/Uni-master/2_Semester/Reinforcement_Learning/PistonBall_PPO/src/results/pistonball_baseline/PPO_PistonBallRLlibEnvironment_2ee94_00000_0_2025-06-21_14-49-34/checkpoint_000025)
Checkpoint successfully created at: Checkpoint(filesystem=local, path=/Users/jandupont/Documents/Uni-master/2_Semester/Reinforcement_Learning/PistonBall_PPO/src/results/pistonball_baseline/PPO_PistonBallRLlibEnvironment_2ee94_00000_0_2025-06-21_14-49-34/checkpoint_000026)
Checkpoint successfully created at: Checkpoint(filesystem=local, path=/Users/jandupont/Documents/Uni-master/2_Semester/Reinforcement_Learning/PistonBall_PPO/src/results/pistonball_baseline/PPO_PistonBallRLlibEnvironment_2ee94_00000_0_2025-06-21_14-49-34/checkpoint_000027)
Checkpoint successfully created at: Checkpoint(filesystem=local, path=/Users/jandupont/Documents/Uni-master/2_Semester/Reinforcement_Learning/PistonBall_PPO/src/results/pistonball_baseline/PPO_PistonBallRLlibEnvironment_2ee94_00000_0_2025-06-21_14-49-34/checkpoint_000028)
Checkpoint successfully created at: Checkpoint(filesystem=local, path=/Users/jandupont/Documents/Uni-master/2_Semester/Reinforcement_Learning/PistonBall_PPO/src/results/pistonball_baseline/PPO_PistonBallRLlibEnvironment_2ee94_00000_0_2025-06-21_14-49-34/checkpoint_000029)
Checkpoint successfully created at: Checkpoint(filesystem=local, path=/Users/jandupont/Documents/Uni-master/2_Semester/Reinforcement_Learning/PistonBall_PPO/src/results/pistonball_baseline/PPO_PistonBallRLlibEnvironment_2ee94_00000_0_2025-06-21_14-49-34/checkpoint_000030)
Checkpoint successfully created at: Checkpoint(filesystem=local, path=/Users/jandupont/Documents/Uni-master/2_Semester/Reinforcement_Learning/PistonBall_PPO/src/results/pistonball_baseline/PPO_PistonBallRLlibEnvironment_2ee94_00000_0_2025-06-21_14-49-34/checkpoint_000031)
Checkpoint successfully created at: Checkpoint(filesystem=local, path=/Users/jandupont/Documents/Uni-master/2_Semester/Reinforcement_Learning/PistonBall_PPO/src/results/pistonball_baseline/PPO_PistonBallRLlibEnvironment_2ee94_00000_0_2025-06-21_14-49-34/checkpoint_000032)
Checkpoint successfully created at: Checkpoint(filesystem=local, path=/Users/jandupont/Documents/Uni-master/2_Semester/Reinforcement_Learning/PistonBall_PPO/src/results/pistonball_baseline/PPO_PistonBallRLlibEnvironment_2ee94_00000_0_2025-06-21_14-49-34/checkpoint_000033)
Checkpoint successfully created at: Checkpoint(filesystem=local, path=/Users/jandupont/Documents/Uni-master/2_Semester/Reinforcement_Learning/PistonBall_PPO/src/results/pistonball_baseline/PPO_PistonBallRLlibEnvironment_2ee94_00000_0_2025-06-21_14-49-34/checkpoint_000034)
Checkpoint successfully created at: Checkpoint(filesystem=local, path=/Users/jandupont/Documents/Uni-master/2_Semester/Reinforcement_Learning/PistonBall_PPO/src/results/pistonball_baseline/PPO_PistonBallRLlibEnvironment_2ee94_00000_0_2025-06-21_14-49-34/checkpoint_000035)
Checkpoint successfully created at: Checkpoint(filesystem=local, path=/Users/jandupont/Documents/Uni-master/2_Semester/Reinforcement_Learning/PistonBall_PPO/src/results/pistonball_baseline/PPO_PistonBallRLlibEnvironment_2ee94_00000_0_2025-06-21_14-49-34/checkpoint_000036)
Checkpoint successfully created at: Checkpoint(filesystem=local, path=/Users/jandupont/Documents/Uni-master/2_Semester/Reinforcement_Learning/PistonBall_PPO/src/results/pistonball_baseline/PPO_PistonBallRLlibEnvironment_2ee94_00000_0_2025-06-21_14-49-34/checkpoint_000037)
Checkpoint successfully created at: Checkpoint(filesystem=local, path=/Users/jandupont/Documents/Uni-master/2_Semester/Reinforcement_Learning/PistonBall_PPO/src/results/pistonball_baseline/PPO_PistonBallRLlibEnvironment_2ee94_00000_0_2025-06-21_14-49-34/checkpoint_000038)
Checkpoint successfully created at: Checkpoint(filesystem=local, path=/Users/jandupont/Documents/Uni-master/2_Semester/Reinforcement_Learning/PistonBall_PPO/src/results/pistonball_baseline/PPO_PistonBallRLlibEnvironment_2ee94_00000_0_2025-06-21_14-49-34/checkpoint_000039)
Checkpoint successfully created at: Checkpoint(filesystem=local, path=/Users/jandupont/Documents/Uni-master/2_Semester/Reinforcement_Learning/PistonBall_PPO/src/results/pistonball_baseline/PPO_PistonBallRLlibEnvironment_2ee94_00000_0_2025-06-21_14-49-34/checkpoint_000040)
Checkpoint successfully created at: Checkpoint(filesystem=local, path=/Users/jandupont/Documents/Uni-master/2_Semester/Reinforcement_Learning/PistonBall_PPO/src/results/pistonball_baseline/PPO_PistonBallRLlibEnvironment_2ee94_00000_0_2025-06-21_14-49-34/checkpoint_000041)
Checkpoint successfully created at: Checkpoint(filesystem=local, path=/Users/jandupont/Documents/Uni-master/2_Semester/Reinforcement_Learning/PistonBall_PPO/src/results/pistonball_baseline/PPO_PistonBallRLlibEnvironment_2ee94_00000_0_2025-06-21_14-49-34/checkpoint_000042)
Checkpoint successfully created at: Checkpoint(filesystem=local, path=/Users/jandupont/Documents/Uni-master/2_Semester/Reinforcement_Learning/PistonBall_PPO/src/results/pistonball_baseline/PPO_PistonBallRLlibEnvironment_2ee94_00000_0_2025-06-21_14-49-34/checkpoint_000043)
Checkpoint successfully created at: Checkpoint(filesystem=local, path=/Users/jandupont/Documents/Uni-master/2_Semester/Reinforcement_Learning/PistonBall_PPO/src/results/pistonball_baseline/PPO_PistonBallRLlibEnvironment_2ee94_00000_0_2025-06-21_14-49-34/checkpoint_000044)
Checkpoint successfully created at: Checkpoint(filesystem=local, path=/Users/jandupont/Documents/Uni-master/2_Semester/Reinforcement_Learning/PistonBall_PPO/src/results/pistonball_baseline/PPO_PistonBallRLlibEnvironment_2ee94_00000_0_2025-06-21_14-49-34/checkpoint_000045)
Checkpoint successfully created at: Checkpoint(filesystem=local, path=/Users/jandupont/Documents/Uni-master/2_Semester/Reinforcement_Learning/PistonBall_PPO/src/results/pistonball_baseline/PPO_PistonBallRLlibEnvironment_2ee94_00000_0_2025-06-21_14-49-34/checkpoint_000046)
Checkpoint successfully created at: Checkpoint(filesystem=local, path=/Users/jandupont/Documents/Uni-master/2_Semester/Reinforcement_Learning/PistonBall_PPO/src/results/pistonball_baseline/PPO_PistonBallRLlibEnvironment_2ee94_00000_0_2025-06-21_14-49-34/checkpoint_000047)
Checkpoint successfully created at: Checkpoint(filesystem=local, path=/Users/jandupont/Documents/Uni-master/2_Semester/Reinforcement_Learning/PistonBall_PPO/src/results/pistonball_baseline/PPO_PistonBallRLlibEnvironment_2ee94_00000_0_2025-06-21_14-49-34/checkpoint_000048)
Checkpoint successfully created at: Checkpoint(filesystem=local, path=/Users/jandupont/Documents/Uni-master/2_Semester/Reinforcement_Learning/PistonBall_PPO/src/results/pistonball_baseline/PPO_PistonBallRLlibEnvironment_2ee94_00000_0_2025-06-21_14-49-34/checkpoint_000049)
Checkpoint successfully created at: Checkpoint(filesystem=local, path=/Users/jandupont/Documents/Uni-master/2_Semester/Reinforcement_Learning/PistonBall_PPO/src/results/pistonball_baseline/PPO_PistonBallRLlibEnvironment_2ee94_00000_0_2025-06-21_14-49-34/checkpoint_000050)
Checkpoint successfully created at: Checkpoint(filesystem=local, path=/Users/jandupont/Documents/Uni-master/2_Semester/Reinforcement_Learning/PistonBall_PPO/src/results/pistonball_baseline/PPO_PistonBallRLlibEnvironment_2ee94_00000_0_2025-06-21_14-49-34/checkpoint_000051)
Checkpoint successfully created at: Checkpoint(filesystem=local, path=/Users/jandupont/Documents/Uni-master/2_Semester/Reinforcement_Learning/PistonBall_PPO/src/results/pistonball_baseline/PPO_PistonBallRLlibEnvironment_2ee94_00000_0_2025-06-21_14-49-34/checkpoint_000052)
Checkpoint successfully created at: Checkpoint(filesystem=local, path=/Users/jandupont/Documents/Uni-master/2_Semester/Reinforcement_Learning/PistonBall_PPO/src/results/pistonball_baseline/PPO_PistonBallRLlibEnvironment_2ee94_00000_0_2025-06-21_14-49-34/checkpoint_000053)
Checkpoint successfully created at: Checkpoint(filesystem=local, path=/Users/jandupont/Documents/Uni-master/2_Semester/Reinforcement_Learning/PistonBall_PPO/src/results/pistonball_baseline/PPO_PistonBallRLlibEnvironment_2ee94_00000_0_2025-06-21_14-49-34/checkpoint_000054)
Checkpoint successfully created at: Checkpoint(filesystem=local, path=/Users/jandupont/Documents/Uni-master/2_Semester/Reinforcement_Learning/PistonBall_PPO/src/results/pistonball_baseline/PPO_PistonBallRLlibEnvironment_2ee94_00000_0_2025-06-21_14-49-34/checkpoint_000055)
Checkpoint successfully created at: Checkpoint(filesystem=local, path=/Users/jandupont/Documents/Uni-master/2_Semester/Reinforcement_Learning/PistonBall_PPO/src/results/pistonball_baseline/PPO_PistonBallRLlibEnvironment_2ee94_00000_0_2025-06-21_14-49-34/checkpoint_000056)
Checkpoint successfully created at: Checkpoint(filesystem=local, path=/Users/jandupont/Documents/Uni-master/2_Semester/Reinforcement_Learning/PistonBall_PPO/src/results/pistonball_baseline/PPO_PistonBallRLlibEnvironment_2ee94_00000_0_2025-06-21_14-49-34/checkpoint_000057)
Checkpoint successfully created at: Checkpoint(filesystem=local, path=/Users/jandupont/Documents/Uni-master/2_Semester/Reinforcement_Learning/PistonBall_PPO/src/results/pistonball_baseline/PPO_PistonBallRLlibEnvironment_2ee94_00000_0_2025-06-21_14-49-34/checkpoint_000058)
Checkpoint successfully created at: Checkpoint(filesystem=local, path=/Users/jandupont/Documents/Uni-master/2_Semester/Reinforcement_Learning/PistonBall_PPO/src/results/pistonball_baseline/PPO_PistonBallRLlibEnvironment_2ee94_00000_0_2025-06-21_14-49-34/checkpoint_000059)
Checkpoint successfully created at: Checkpoint(filesystem=local, path=/Users/jandupont/Documents/Uni-master/2_Semester/Reinforcement_Learning/PistonBall_PPO/src/results/pistonball_baseline/PPO_PistonBallRLlibEnvironment_2ee94_00000_0_2025-06-21_14-49-34/checkpoint_000060)
Checkpoint successfully created at: Checkpoint(filesystem=local, path=/Users/jandupont/Documents/Uni-master/2_Semester/Reinforcement_Learning/PistonBall_PPO/src/results/pistonball_baseline/PPO_PistonBallRLlibEnvironment_2ee94_00000_0_2025-06-21_14-49-34/checkpoint_000061)
