2025-06-19 14:44:43,778	INFO utils.py:303 -- Get all modules by type: DashboardHeadModule
2025-06-19 14:44:43,802	INFO utils.py:314 -- Module ray.dashboard.modules.data.data_head cannot be loaded because we cannot import all dependencies. Install this module using `pip install 'ray[default]'` for the full dashboard functionality. Error: No module named 'aiohttp'
2025-06-19 14:44:43,804	INFO utils.py:314 -- Module ray.dashboard.modules.event.event_head cannot be loaded because we cannot import all dependencies. Install this module using `pip install 'ray[default]'` for the full dashboard functionality. Error: No module named 'aiohttp'
2025-06-19 14:44:43,806	INFO utils.py:314 -- Module ray.dashboard.modules.job.job_agent cannot be loaded because we cannot import all dependencies. Install this module using `pip install 'ray[default]'` for the full dashboard functionality. Error: No module named 'aiohttp'
2025-06-19 14:44:43,807	INFO utils.py:314 -- Module ray.dashboard.modules.job.job_head cannot be loaded because we cannot import all dependencies. Install this module using `pip install 'ray[default]'` for the full dashboard functionality. Error: No module named 'aiohttp'
2025-06-19 14:44:43,821	INFO utils.py:314 -- Module ray.dashboard.modules.log.log_agent cannot be loaded because we cannot import all dependencies. Install this module using `pip install 'ray[default]'` for the full dashboard functionality. Error: No module named 'aiohttp'
2025-06-19 14:44:43,830	INFO utils.py:314 -- Module ray.dashboard.modules.log.log_manager cannot be loaded because we cannot import all dependencies. Install this module using `pip install 'ray[default]'` for the full dashboard functionality. Error: No module named 'aiohttp'
2025-06-19 14:44:43,833	INFO utils.py:314 -- Module ray.dashboard.modules.metrics.metrics_head cannot be loaded because we cannot import all dependencies. Install this module using `pip install 'ray[default]'` for the full dashboard functionality. Error: No module named 'aiohttp'
2025-06-19 14:44:43,834	INFO utils.py:314 -- Module ray.dashboard.modules.node.node_head cannot be loaded because we cannot import all dependencies. Install this module using `pip install 'ray[default]'` for the full dashboard functionality. Error: No module named 'aiohttp'
2025-06-19 14:44:43,835	INFO utils.py:314 -- Module ray.dashboard.modules.reporter.healthz_agent cannot be loaded because we cannot import all dependencies. Install this module using `pip install 'ray[default]'` for the full dashboard functionality. Error: No module named 'aiohttp'
2025-06-19 14:44:43,835	INFO utils.py:314 -- Module ray.dashboard.modules.reporter.reporter_agent cannot be loaded because we cannot import all dependencies. Install this module using `pip install 'ray[default]'` for the full dashboard functionality. Error: No module named 'opencensus'
2025-06-19 14:44:43,836	INFO utils.py:314 -- Module ray.dashboard.modules.reporter.reporter_head cannot be loaded because we cannot import all dependencies. Install this module using `pip install 'ray[default]'` for the full dashboard functionality. Error: No module named 'aiohttp'
2025-06-19 14:44:43,837	INFO utils.py:314 -- Module ray.dashboard.modules.serve.serve_agent cannot be loaded because we cannot import all dependencies. Install this module using `pip install 'ray[default]'` for the full dashboard functionality. Error: No module named 'aiohttp'
2025-06-19 14:44:43,837	INFO utils.py:314 -- Module ray.dashboard.modules.serve.serve_head cannot be loaded because we cannot import all dependencies. Install this module using `pip install 'ray[default]'` for the full dashboard functionality. Error: No module named 'aiohttp'
2025-06-19 14:44:43,837	INFO utils.py:314 -- Module ray.dashboard.modules.state.state_head cannot be loaded because we cannot import all dependencies. Install this module using `pip install 'ray[default]'` for the full dashboard functionality. Error: No module named 'aiohttp'
2025-06-19 14:44:43,838	INFO utils.py:314 -- Module ray.dashboard.modules.train.train_head cannot be loaded because we cannot import all dependencies. Install this module using `pip install 'ray[default]'` for the full dashboard functionality. Error: No module named 'aiohttp'
2025-06-19 14:44:43,839	INFO utils.py:336 -- Available modules: [<class 'ray.dashboard.modules.usage_stats.usage_stats_head.UsageStatsHead'>]
2025-06-19 14:44:43,839	INFO head.py:231 -- DashboardHeadModules to load: None.
2025-06-19 14:44:43,839	INFO head.py:234 -- Loading DashboardHeadModule: <class 'ray.dashboard.modules.usage_stats.usage_stats_head.UsageStatsHead'>.
2025-06-19 14:44:43,839	INFO head.py:238 -- Loaded 1 dashboard head modules: [<ray.dashboard.modules.usage_stats.usage_stats_head.UsageStatsHead object at 0x105813690>].
2025-06-19 14:44:43,839	INFO head.py:253 -- Subprocess modules not loaded in minimal mode.
2025-06-19 14:44:43,839	INFO head.py:438 -- http server disabled.
2025-06-19 14:44:43,840	INFO usage_stats_head.py:197 -- Usage reporting is disabled.
2025-06-20 04:42:32,464	WARNING dashboard.py:282 -- Exiting with SIGTERM immediately...
