[2025-06-19 14:44:44,588 I 79005 25741870] core_worker_process.cc:192: Constructing CoreWorkerProcess. pid: 79005
[2025-06-19 14:44:44,590 I 79005 25741870] io_service_pool.cc:36: IOServicePool is running with 1 io_service.
[2025-06-19 14:44:44,591 I 79005 25741870] grpc_server.cc:138: worker server started, listening on port 58930.
[2025-06-19 14:44:44,591 I 79005 25741870] core_worker.cc:539: Initializing worker at address: 127.0.0.1:58930 worker_id=d85cec9586d3a1d5345be139ed2b2e8386359cdf7381aa530a2db05c node_id=1c3a0195b553a858442ea7edc04d207d364920820c2865c27382b66e
[2025-06-19 14:44:44,591 I 79005 25741870] task_event_buffer.cc:287: Reporting task events to GCS every 1000ms.
[2025-06-19 14:44:44,592 I 79005 25741870] core_worker.cc:983: Adjusted worker niceness to 15
[2025-06-19 14:44:44,592 I 79005 25742243] core_worker.cc:918: Event stats:


Global stats: 11 total (5 active)
Queueing time: mean = 8.455 us, max = 39.000 us, min = 12.000 us, total = 93.000 us
Execution time:  mean = 59.909 us, total = 659.000 us
Event stats:
	PeriodicalRunner.RunFnPeriodically - 3 total (1 active, 1 running), Execution time: mean = 51.000 us, total = 153.000 us, Queueing time: mean = 21.000 us, max = 39.000 us, min = 24.000 us, total = 63.000 us
	CoreWorker.ExitIfParentRayletDies - 1 total (1 active), Execution time: mean = 0.000 ns, total = 0.000 ns, Queueing time: mean = 0.000 ns, max = -1.000 ns, min = 9223372036.855 s, total = 0.000 ns
	ray::rpc::InternalPubSubGcsService.grpc_client.GcsSubscriberCommandBatch - 1 total (0 active), Execution time: mean = 205.000 us, total = 205.000 us, Queueing time: mean = 0.000 ns, max = -1.000 ns, min = 9223372036.855 s, total = 0.000 ns
	ray::rpc::WorkerInfoGcsService.grpc_client.AddWorkerInfo - 1 total (0 active), Execution time: mean = 248.000 us, total = 248.000 us, Queueing time: mean = 0.000 ns, max = -1.000 ns, min = 9223372036.855 s, total = 0.000 ns
	ray::rpc::WorkerInfoGcsService.grpc_client.AddWorkerInfo.OnReplyReceived - 1 total (0 active), Execution time: mean = 8.000 us, total = 8.000 us, Queueing time: mean = 18.000 us, max = 18.000 us, min = 18.000 us, total = 18.000 us
	ray::rpc::InternalPubSubGcsService.grpc_client.GcsSubscriberCommandBatch.OnReplyReceived - 1 total (0 active), Execution time: mean = 45.000 us, total = 45.000 us, Queueing time: mean = 12.000 us, max = 12.000 us, min = 12.000 us, total = 12.000 us
	ray::rpc::NodeInfoGcsService.grpc_client.GetAllNodeInfo - 1 total (1 active), Execution time: mean = 0.000 ns, total = 0.000 ns, Queueing time: mean = 0.000 ns, max = -1.000 ns, min = 9223372036.855 s, total = 0.000 ns
	ray::rpc::InternalPubSubGcsService.grpc_client.GcsSubscriberPoll - 1 total (1 active), Execution time: mean = 0.000 ns, total = 0.000 ns, Queueing time: mean = 0.000 ns, max = -1.000 ns, min = 9223372036.855 s, total = 0.000 ns
	Publisher.CheckDeadSubscribers - 1 total (1 active), Execution time: mean = 0.000 ns, total = 0.000 ns, Queueing time: mean = 0.000 ns, max = -1.000 ns, min = 9223372036.855 s, total = 0.000 ns

-----------------
Task execution event stats:

Global stats: 0 total (0 active)
Queueing time: mean = nan ns, max = -1.000 ns, min = 9223372036.855 s, total = 0.000 ns
Execution time:  mean = nan ns, total = 0.000 ns
Event stats:

-----------------
Task Event stats:

IO Service Stats:

Global stats: 4 total (1 active)
Queueing time: mean = 2.750 us, max = 7.000 us, min = 4.000 us, total = 11.000 us
Execution time:  mean = 70.750 us, total = 283.000 us
Event stats:
	ray::rpc::TaskInfoGcsService.grpc_client.AddTaskEventData.OnReplyReceived - 1 total (0 active), Execution time: mean = 9.000 us, total = 9.000 us, Queueing time: mean = 4.000 us, max = 4.000 us, min = 4.000 us, total = 4.000 us
	PeriodicalRunner.RunFnPeriodically - 1 total (0 active), Execution time: mean = 46.000 us, total = 46.000 us, Queueing time: mean = 7.000 us, max = 7.000 us, min = 7.000 us, total = 7.000 us
	CoreWorker.deadline_timer.flush_task_events - 1 total (1 active), Execution time: mean = 0.000 ns, total = 0.000 ns, Queueing time: mean = 0.000 ns, max = -1.000 ns, min = 9223372036.855 s, total = 0.000 ns
	ray::rpc::TaskInfoGcsService.grpc_client.AddTaskEventData - 1 total (0 active), Execution time: mean = 228.000 us, total = 228.000 us, Queueing time: mean = 0.000 ns, max = -1.000 ns, min = 9223372036.855 s, total = 0.000 ns
Other Stats:
	grpc_in_progress:0
	current number of task status events in buffer: 0
	current number of profile events in buffer: 0
	current number of dropped task attempts tracked: 0
	total task events sent: 0 MiB
	total number of task attempts sent: 0
	total number of task attempts dropped reported: 0
	total number of sent failure: 0
	num status task events dropped: 0
	num profile task events dropped: 0


[2025-06-19 14:44:44,592 I 79005 25741870] event.cc:500: Ray Event initialized for CORE_WORKER
[2025-06-19 14:44:44,592 I 79005 25741870] event.cc:500: Ray Event initialized for EXPORT_TASK
[2025-06-19 14:44:44,592 I 79005 25741870] event.cc:331: Set ray event level to warning
[2025-06-19 14:44:44,592 I 79005 25742243] accessor.cc:765: Received notification for node, IsAlive = 1 node_id=1c3a0195b553a858442ea7edc04d207d364920820c2865c27382b66e
[2025-06-19 14:44:44,592 I 79005 25742243] core_worker.cc:5106: Number of alive nodes:1
[2025-06-19 14:44:45,735 I 79005 25742243] core_worker.cc:1179: Exit signal received, this process will exit after all outstanding tasks have finished, exit_type=INTENDED_SYSTEM_EXIT, detail=Worker exits because it was idle (it doesn't have objects it owns while no task or actor has been scheduled) for a long time.
[2025-06-19 14:44:45,735 I 79005 25741870] core_worker.cc:1228: Wait for currently executing tasks in the underlying thread pools to finish.
[2025-06-19 14:44:45,736 I 79005 25741870] core_worker.cc:1104: Sending disconnect message to the local raylet.
[2025-06-19 14:44:45,736 I 79005 25741870] raylet_client.cc:73: RayletClient::Disconnect, exit_type=INTENDED_SYSTEM_EXIT, exit_detail=Worker exits because it was idle (it doesn't have objects it owns while no task or actor has been scheduled) for a long time., has creation_task_exception_pb_bytes=0
[2025-06-19 14:44:45,736 I 79005 25741870] core_worker.cc:1110: Disconnected from the local raylet.
[2025-06-19 14:44:45,736 I 79005 25741870] core_worker.cc:1022: Shutting down.
[2025-06-19 14:44:45,736 I 79005 25741870] task_event_buffer.cc:298: Shutting down TaskEventBuffer.
[2025-06-19 14:44:45,736 I 79005 25742251] task_event_buffer.cc:266: Task event buffer io service stopped.
[2025-06-19 14:44:45,736 I 79005 25741870] core_worker.cc:1044: Waiting for joining a core worker io thread. If it hangs here, there might be deadlock or a high load in the core worker io service.
[2025-06-19 14:44:45,736 I 79005 25742243] core_worker.cc:1290: Core worker main io service stopped.
[2025-06-19 14:44:45,737 W 79005 25742238] metric_exporter.cc:105: [1] Export metrics to agent failed: RpcError: RPC Error message: failed to connect to all addresses; last error: UNKNOWN: ipv4:127.0.0.1:62642: Failed to connect to remote host: Connection refused; RPC Error details:  rpc_code: 14. This won't affect Ray, but you can lose metrics from the cluster.
[2025-06-19 14:44:45,737 I 79005 25741870] core_worker.cc:1056: Disconnecting a GCS client.
[2025-06-19 14:44:45,737 I 79005 25741870] core_worker.cc:1063: Core worker ready to be deallocated.
[2025-06-19 14:44:45,737 I 79005 25741870] core_worker_process.cc:336: Task execution loop terminated. Removing the global worker.
[2025-06-19 14:44:45,737 I 79005 25741870] core_worker.cc:1013: Core worker is destructed
[2025-06-19 14:44:45,737 I 79005 25741870] task_event_buffer.cc:298: Shutting down TaskEventBuffer.
[2025-06-19 14:44:45,738 I 79005 25741870] core_worker_process.cc:237: Destructing CoreWorkerProcessImpl. pid: 79005
[2025-06-19 14:44:45,738 I 79005 25741870] io_service_pool.cc:48: IOServicePool is stopped.
[2025-06-19 14:44:45,764 I 79005 25741870] stats.h:120: Stats module has shutdown.
[2025-06-19 14:44:45,778 W 79005 25741870] core_worker_process.cc:251: The core worker process is not initialized yet or already shutdown.
