:job_id:01000000
:actor_name:PPO
2025-06-19 14:44:56,897	INFO env_runner_group.py:320 -- Inferred observation/action spaces from remote worker (local worker has no env): {'piston': (Box(0, 255, (457, 120, 3), uint8), Box(-1.0, 1.0, (1,), float32)), 'governance': (Box(-inf, inf, (1000,), float32), Box(-1.0, 1.0, (10,), float32)), '__env__': (None, None)}
2025-06-19 14:44:57,137	INFO catalog.py:407 -- Wrapping <class 'ray_models.GovernanceModel'> as None
2025-06-19 14:44:57,140	INFO policy.py:1234 -- Policy (worker=local) running on CPU.
2025-06-19 14:44:57,140	INFO torch_policy_v2.py:105 -- Found 0 visible cuda devices.
2025-06-19 14:44:57,652	INFO catalog.py:407 -- Wrapping <class 'ray_models.PistonParametricModel'> as None
2025-06-19 14:44:57,771	INFO policy.py:1234 -- Policy (worker=local) running on CPU.
2025-06-19 14:44:57,773	INFO torch_policy_v2.py:105 -- Found 0 visible cuda devices.
2025-06-19 14:44:58,081	INFO util.py:118 -- Using connectors:
2025-06-19 14:44:58,081	INFO util.py:119 --     AgentConnectorPipeline
        ObsPreprocessorConnector
        StateBufferConnector
        ViewRequirementAgentConnector
2025-06-19 14:44:58,081	INFO util.py:120 --     ActionConnectorPipeline
        ConvertToNumpyConnector
        NormalizeActionsConnector
        ImmutableActionsConnector
2025-06-19 14:44:58,084	INFO util.py:118 -- Using connectors:
2025-06-19 14:44:58,084	INFO util.py:119 --     AgentConnectorPipeline
        ObsPreprocessorConnector
        StateBufferConnector
        ViewRequirementAgentConnector
2025-06-19 14:44:58,084	INFO util.py:120 --     ActionConnectorPipeline
        ConvertToNumpyConnector
        NormalizeActionsConnector
        ImmutableActionsConnector
2025-06-19 14:44:58,084	INFO rollout_worker.py:1742 -- Built policy map: <PolicyMap lru-caching-capacity=100 policy-IDs=['governance', 'piston']>
2025-06-19 14:44:58,084	INFO rollout_worker.py:1743 -- Built preprocessor map: {'governance': None, 'piston': None}
2025-06-19 14:44:58,084	INFO rollout_worker.py:542 -- Built filter map: defaultdict(<class 'ray.rllib.utils.filter.NoFilter'>, {})
2025-06-19 14:44:58,086	INFO env_runner_group.py:320 -- Inferred observation/action spaces from remote worker (local worker has no env): {'piston': (Box(0, 255, (457, 120, 3), uint8), Box(-1.0, 1.0, (1,), float32)), 'governance': (Box(-inf, inf, (1000,), float32), Box(-1.0, 1.0, (10,), float32)), '__env__': (None, None)}
Install gputil for GPU system monitoring.
:actor_name:PPO
2025-06-19 14:45:17,930	WARNING deprecation.py:50 -- DeprecationWarning: `_get_slice_indices` has been deprecated. This will raise an error in the future!
2025-06-19 14:45:17,931	INFO rollout_worker.py:790 -- Training on concatenated sample batches:

{ 'count': 64,
  'policy_batches': { 'governance': { 'action_dist_inputs': np.ndarray((64, 20), dtype=float32, min=-0.101, max=0.137, mean=0.007),
                                      'action_logp': np.ndarray((64,), dtype=float32, min=-19.216, max=-11.162, mean=-14.262),
                                      'actions': np.ndarray((64, 10), dtype=float32, min=-2.426, max=2.735, mean=0.081),
                                      'advantages': np.ndarray((64,), dtype=float32, min=-1.238, max=3.586, mean=0.184),
                                      'agent_index': np.ndarray((64,), dtype=int64, min=10.0, max=10.0, mean=10.0),
                                      'eps_id': np.ndarray((64,), dtype=int64, min=3.291189048037876e+17, max=6.522603866799724e+17, mean=4.8298431618881574e+17),
                                      'infos': np.ndarray((64,), dtype=object, head={}),
                                      'new_obs': np.ndarray((64, 1000), dtype=float32, min=58.0, max=77.0, mean=71.621),
                                      'obs': np.ndarray((64, 1000), dtype=float32, min=58.0, max=77.0, mean=71.621),
                                      'rewards': np.ndarray((64,), dtype=float32, min=-20.608, max=107.844, mean=3.922),
                                      't': np.ndarray((64,), dtype=int64, min=4.0, max=124.0, mean=65.328),
                                      'terminateds': np.ndarray((64,), dtype=bool, min=0.0, max=0.0, mean=0.0),
                                      'truncateds': np.ndarray((64,), dtype=bool, min=0.0, max=0.0, mean=0.0),
                                      'unroll_id': np.ndarray((64,), dtype=int64, min=21.0, max=43.0, mean=34.406),
                                      'value_targets': np.ndarray((64,), dtype=float32, min=-54.531, max=225.648, mean=27.986),
                                      'values_bootstrapped': np.ndarray((64,), dtype=float32, min=-0.108, max=-0.03, mean=-0.074),
                                      'vf_preds': np.ndarray((64,), dtype=float32, min=-0.108, max=-0.03, mean=-0.074)}},
  'type': 'MultiAgentBatch'}

Checkpoint successfully created at: Checkpoint(filesystem=local, path=/Users/jandupont/Documents/Uni-master/2_Semester/Reinforcement_Learning/PistonBall_PPO/src/results/pistonball_rl_governance/PPO_PistonBallRLlibEnvironment_2d3f4_00000_0_2025-06-19_14-44-44/checkpoint_000000)
Checkpoint successfully created at: Checkpoint(filesystem=local, path=/Users/jandupont/Documents/Uni-master/2_Semester/Reinforcement_Learning/PistonBall_PPO/src/results/pistonball_rl_governance/PPO_PistonBallRLlibEnvironment_2d3f4_00000_0_2025-06-19_14-44-44/checkpoint_000001)
Checkpoint successfully created at: Checkpoint(filesystem=local, path=/Users/jandupont/Documents/Uni-master/2_Semester/Reinforcement_Learning/PistonBall_PPO/src/results/pistonball_rl_governance/PPO_PistonBallRLlibEnvironment_2d3f4_00000_0_2025-06-19_14-44-44/checkpoint_000002)
Checkpoint successfully created at: Checkpoint(filesystem=local, path=/Users/jandupont/Documents/Uni-master/2_Semester/Reinforcement_Learning/PistonBall_PPO/src/results/pistonball_rl_governance/PPO_PistonBallRLlibEnvironment_2d3f4_00000_0_2025-06-19_14-44-44/checkpoint_000003)
Checkpoint successfully created at: Checkpoint(filesystem=local, path=/Users/jandupont/Documents/Uni-master/2_Semester/Reinforcement_Learning/PistonBall_PPO/src/results/pistonball_rl_governance/PPO_PistonBallRLlibEnvironment_2d3f4_00000_0_2025-06-19_14-44-44/checkpoint_000004)
Checkpoint successfully created at: Checkpoint(filesystem=local, path=/Users/jandupont/Documents/Uni-master/2_Semester/Reinforcement_Learning/PistonBall_PPO/src/results/pistonball_rl_governance/PPO_PistonBallRLlibEnvironment_2d3f4_00000_0_2025-06-19_14-44-44/checkpoint_000005)
Checkpoint successfully created at: Checkpoint(filesystem=local, path=/Users/jandupont/Documents/Uni-master/2_Semester/Reinforcement_Learning/PistonBall_PPO/src/results/pistonball_rl_governance/PPO_PistonBallRLlibEnvironment_2d3f4_00000_0_2025-06-19_14-44-44/checkpoint_000006)
Checkpoint successfully created at: Checkpoint(filesystem=local, path=/Users/jandupont/Documents/Uni-master/2_Semester/Reinforcement_Learning/PistonBall_PPO/src/results/pistonball_rl_governance/PPO_PistonBallRLlibEnvironment_2d3f4_00000_0_2025-06-19_14-44-44/checkpoint_000007)
Checkpoint successfully created at: Checkpoint(filesystem=local, path=/Users/jandupont/Documents/Uni-master/2_Semester/Reinforcement_Learning/PistonBall_PPO/src/results/pistonball_rl_governance/PPO_PistonBallRLlibEnvironment_2d3f4_00000_0_2025-06-19_14-44-44/checkpoint_000008)
Checkpoint successfully created at: Checkpoint(filesystem=local, path=/Users/jandupont/Documents/Uni-master/2_Semester/Reinforcement_Learning/PistonBall_PPO/src/results/pistonball_rl_governance/PPO_PistonBallRLlibEnvironment_2d3f4_00000_0_2025-06-19_14-44-44/checkpoint_000009)
Checkpoint successfully created at: Checkpoint(filesystem=local, path=/Users/jandupont/Documents/Uni-master/2_Semester/Reinforcement_Learning/PistonBall_PPO/src/results/pistonball_rl_governance/PPO_PistonBallRLlibEnvironment_2d3f4_00000_0_2025-06-19_14-44-44/checkpoint_000010)
Checkpoint successfully created at: Checkpoint(filesystem=local, path=/Users/jandupont/Documents/Uni-master/2_Semester/Reinforcement_Learning/PistonBall_PPO/src/results/pistonball_rl_governance/PPO_PistonBallRLlibEnvironment_2d3f4_00000_0_2025-06-19_14-44-44/checkpoint_000011)
Checkpoint successfully created at: Checkpoint(filesystem=local, path=/Users/jandupont/Documents/Uni-master/2_Semester/Reinforcement_Learning/PistonBall_PPO/src/results/pistonball_rl_governance/PPO_PistonBallRLlibEnvironment_2d3f4_00000_0_2025-06-19_14-44-44/checkpoint_000012)
Checkpoint successfully created at: Checkpoint(filesystem=local, path=/Users/jandupont/Documents/Uni-master/2_Semester/Reinforcement_Learning/PistonBall_PPO/src/results/pistonball_rl_governance/PPO_PistonBallRLlibEnvironment_2d3f4_00000_0_2025-06-19_14-44-44/checkpoint_000013)
Checkpoint successfully created at: Checkpoint(filesystem=local, path=/Users/jandupont/Documents/Uni-master/2_Semester/Reinforcement_Learning/PistonBall_PPO/src/results/pistonball_rl_governance/PPO_PistonBallRLlibEnvironment_2d3f4_00000_0_2025-06-19_14-44-44/checkpoint_000014)
Checkpoint successfully created at: Checkpoint(filesystem=local, path=/Users/jandupont/Documents/Uni-master/2_Semester/Reinforcement_Learning/PistonBall_PPO/src/results/pistonball_rl_governance/PPO_PistonBallRLlibEnvironment_2d3f4_00000_0_2025-06-19_14-44-44/checkpoint_000015)
Checkpoint successfully created at: Checkpoint(filesystem=local, path=/Users/jandupont/Documents/Uni-master/2_Semester/Reinforcement_Learning/PistonBall_PPO/src/results/pistonball_rl_governance/PPO_PistonBallRLlibEnvironment_2d3f4_00000_0_2025-06-19_14-44-44/checkpoint_000016)
Checkpoint successfully created at: Checkpoint(filesystem=local, path=/Users/jandupont/Documents/Uni-master/2_Semester/Reinforcement_Learning/PistonBall_PPO/src/results/pistonball_rl_governance/PPO_PistonBallRLlibEnvironment_2d3f4_00000_0_2025-06-19_14-44-44/checkpoint_000017)
Checkpoint successfully created at: Checkpoint(filesystem=local, path=/Users/jandupont/Documents/Uni-master/2_Semester/Reinforcement_Learning/PistonBall_PPO/src/results/pistonball_rl_governance/PPO_PistonBallRLlibEnvironment_2d3f4_00000_0_2025-06-19_14-44-44/checkpoint_000018)
Checkpoint successfully created at: Checkpoint(filesystem=local, path=/Users/jandupont/Documents/Uni-master/2_Semester/Reinforcement_Learning/PistonBall_PPO/src/results/pistonball_rl_governance/PPO_PistonBallRLlibEnvironment_2d3f4_00000_0_2025-06-19_14-44-44/checkpoint_000019)
Checkpoint successfully created at: Checkpoint(filesystem=local, path=/Users/jandupont/Documents/Uni-master/2_Semester/Reinforcement_Learning/PistonBall_PPO/src/results/pistonball_rl_governance/PPO_PistonBallRLlibEnvironment_2d3f4_00000_0_2025-06-19_14-44-44/checkpoint_000020)
Checkpoint successfully created at: Checkpoint(filesystem=local, path=/Users/jandupont/Documents/Uni-master/2_Semester/Reinforcement_Learning/PistonBall_PPO/src/results/pistonball_rl_governance/PPO_PistonBallRLlibEnvironment_2d3f4_00000_0_2025-06-19_14-44-44/checkpoint_000021)
Checkpoint successfully created at: Checkpoint(filesystem=local, path=/Users/jandupont/Documents/Uni-master/2_Semester/Reinforcement_Learning/PistonBall_PPO/src/results/pistonball_rl_governance/PPO_PistonBallRLlibEnvironment_2d3f4_00000_0_2025-06-19_14-44-44/checkpoint_000022)
Checkpoint successfully created at: Checkpoint(filesystem=local, path=/Users/jandupont/Documents/Uni-master/2_Semester/Reinforcement_Learning/PistonBall_PPO/src/results/pistonball_rl_governance/PPO_PistonBallRLlibEnvironment_2d3f4_00000_0_2025-06-19_14-44-44/checkpoint_000023)
Checkpoint successfully created at: Checkpoint(filesystem=local, path=/Users/jandupont/Documents/Uni-master/2_Semester/Reinforcement_Learning/PistonBall_PPO/src/results/pistonball_rl_governance/PPO_PistonBallRLlibEnvironment_2d3f4_00000_0_2025-06-19_14-44-44/checkpoint_000024)
Checkpoint successfully created at: Checkpoint(filesystem=local, path=/Users/jandupont/Documents/Uni-master/2_Semester/Reinforcement_Learning/PistonBall_PPO/src/results/pistonball_rl_governance/PPO_PistonBallRLlibEnvironment_2d3f4_00000_0_2025-06-19_14-44-44/checkpoint_000025)
Checkpoint successfully created at: Checkpoint(filesystem=local, path=/Users/jandupont/Documents/Uni-master/2_Semester/Reinforcement_Learning/PistonBall_PPO/src/results/pistonball_rl_governance/PPO_PistonBallRLlibEnvironment_2d3f4_00000_0_2025-06-19_14-44-44/checkpoint_000026)
Checkpoint successfully created at: Checkpoint(filesystem=local, path=/Users/jandupont/Documents/Uni-master/2_Semester/Reinforcement_Learning/PistonBall_PPO/src/results/pistonball_rl_governance/PPO_PistonBallRLlibEnvironment_2d3f4_00000_0_2025-06-19_14-44-44/checkpoint_000027)
Checkpoint successfully created at: Checkpoint(filesystem=local, path=/Users/jandupont/Documents/Uni-master/2_Semester/Reinforcement_Learning/PistonBall_PPO/src/results/pistonball_rl_governance/PPO_PistonBallRLlibEnvironment_2d3f4_00000_0_2025-06-19_14-44-44/checkpoint_000028)
Checkpoint successfully created at: Checkpoint(filesystem=local, path=/Users/jandupont/Documents/Uni-master/2_Semester/Reinforcement_Learning/PistonBall_PPO/src/results/pistonball_rl_governance/PPO_PistonBallRLlibEnvironment_2d3f4_00000_0_2025-06-19_14-44-44/checkpoint_000029)
Checkpoint successfully created at: Checkpoint(filesystem=local, path=/Users/jandupont/Documents/Uni-master/2_Semester/Reinforcement_Learning/PistonBall_PPO/src/results/pistonball_rl_governance/PPO_PistonBallRLlibEnvironment_2d3f4_00000_0_2025-06-19_14-44-44/checkpoint_000030)
Checkpoint successfully created at: Checkpoint(filesystem=local, path=/Users/jandupont/Documents/Uni-master/2_Semester/Reinforcement_Learning/PistonBall_PPO/src/results/pistonball_rl_governance/PPO_PistonBallRLlibEnvironment_2d3f4_00000_0_2025-06-19_14-44-44/checkpoint_000031)
Checkpoint successfully created at: Checkpoint(filesystem=local, path=/Users/jandupont/Documents/Uni-master/2_Semester/Reinforcement_Learning/PistonBall_PPO/src/results/pistonball_rl_governance/PPO_PistonBallRLlibEnvironment_2d3f4_00000_0_2025-06-19_14-44-44/checkpoint_000032)
Checkpoint successfully created at: Checkpoint(filesystem=local, path=/Users/jandupont/Documents/Uni-master/2_Semester/Reinforcement_Learning/PistonBall_PPO/src/results/pistonball_rl_governance/PPO_PistonBallRLlibEnvironment_2d3f4_00000_0_2025-06-19_14-44-44/checkpoint_000033)
Checkpoint successfully created at: Checkpoint(filesystem=local, path=/Users/jandupont/Documents/Uni-master/2_Semester/Reinforcement_Learning/PistonBall_PPO/src/results/pistonball_rl_governance/PPO_PistonBallRLlibEnvironment_2d3f4_00000_0_2025-06-19_14-44-44/checkpoint_000034)
Checkpoint successfully created at: Checkpoint(filesystem=local, path=/Users/jandupont/Documents/Uni-master/2_Semester/Reinforcement_Learning/PistonBall_PPO/src/results/pistonball_rl_governance/PPO_PistonBallRLlibEnvironment_2d3f4_00000_0_2025-06-19_14-44-44/checkpoint_000035)
Checkpoint successfully created at: Checkpoint(filesystem=local, path=/Users/jandupont/Documents/Uni-master/2_Semester/Reinforcement_Learning/PistonBall_PPO/src/results/pistonball_rl_governance/PPO_PistonBallRLlibEnvironment_2d3f4_00000_0_2025-06-19_14-44-44/checkpoint_000036)
Checkpoint successfully created at: Checkpoint(filesystem=local, path=/Users/jandupont/Documents/Uni-master/2_Semester/Reinforcement_Learning/PistonBall_PPO/src/results/pistonball_rl_governance/PPO_PistonBallRLlibEnvironment_2d3f4_00000_0_2025-06-19_14-44-44/checkpoint_000037)
Checkpoint successfully created at: Checkpoint(filesystem=local, path=/Users/jandupont/Documents/Uni-master/2_Semester/Reinforcement_Learning/PistonBall_PPO/src/results/pistonball_rl_governance/PPO_PistonBallRLlibEnvironment_2d3f4_00000_0_2025-06-19_14-44-44/checkpoint_000038)
Checkpoint successfully created at: Checkpoint(filesystem=local, path=/Users/jandupont/Documents/Uni-master/2_Semester/Reinforcement_Learning/PistonBall_PPO/src/results/pistonball_rl_governance/PPO_PistonBallRLlibEnvironment_2d3f4_00000_0_2025-06-19_14-44-44/checkpoint_000039)
Checkpoint successfully created at: Checkpoint(filesystem=local, path=/Users/jandupont/Documents/Uni-master/2_Semester/Reinforcement_Learning/PistonBall_PPO/src/results/pistonball_rl_governance/PPO_PistonBallRLlibEnvironment_2d3f4_00000_0_2025-06-19_14-44-44/checkpoint_000040)
Checkpoint successfully created at: Checkpoint(filesystem=local, path=/Users/jandupont/Documents/Uni-master/2_Semester/Reinforcement_Learning/PistonBall_PPO/src/results/pistonball_rl_governance/PPO_PistonBallRLlibEnvironment_2d3f4_00000_0_2025-06-19_14-44-44/checkpoint_000041)
Checkpoint successfully created at: Checkpoint(filesystem=local, path=/Users/jandupont/Documents/Uni-master/2_Semester/Reinforcement_Learning/PistonBall_PPO/src/results/pistonball_rl_governance/PPO_PistonBallRLlibEnvironment_2d3f4_00000_0_2025-06-19_14-44-44/checkpoint_000042)
Checkpoint successfully created at: Checkpoint(filesystem=local, path=/Users/jandupont/Documents/Uni-master/2_Semester/Reinforcement_Learning/PistonBall_PPO/src/results/pistonball_rl_governance/PPO_PistonBallRLlibEnvironment_2d3f4_00000_0_2025-06-19_14-44-44/checkpoint_000043)
Checkpoint successfully created at: Checkpoint(filesystem=local, path=/Users/jandupont/Documents/Uni-master/2_Semester/Reinforcement_Learning/PistonBall_PPO/src/results/pistonball_rl_governance/PPO_PistonBallRLlibEnvironment_2d3f4_00000_0_2025-06-19_14-44-44/checkpoint_000044)
Checkpoint successfully created at: Checkpoint(filesystem=local, path=/Users/jandupont/Documents/Uni-master/2_Semester/Reinforcement_Learning/PistonBall_PPO/src/results/pistonball_rl_governance/PPO_PistonBallRLlibEnvironment_2d3f4_00000_0_2025-06-19_14-44-44/checkpoint_000045)
Checkpoint successfully created at: Checkpoint(filesystem=local, path=/Users/jandupont/Documents/Uni-master/2_Semester/Reinforcement_Learning/PistonBall_PPO/src/results/pistonball_rl_governance/PPO_PistonBallRLlibEnvironment_2d3f4_00000_0_2025-06-19_14-44-44/checkpoint_000046)
Checkpoint successfully created at: Checkpoint(filesystem=local, path=/Users/jandupont/Documents/Uni-master/2_Semester/Reinforcement_Learning/PistonBall_PPO/src/results/pistonball_rl_governance/PPO_PistonBallRLlibEnvironment_2d3f4_00000_0_2025-06-19_14-44-44/checkpoint_000047)
Checkpoint successfully created at: Checkpoint(filesystem=local, path=/Users/jandupont/Documents/Uni-master/2_Semester/Reinforcement_Learning/PistonBall_PPO/src/results/pistonball_rl_governance/PPO_PistonBallRLlibEnvironment_2d3f4_00000_0_2025-06-19_14-44-44/checkpoint_000048)
Checkpoint successfully created at: Checkpoint(filesystem=local, path=/Users/jandupont/Documents/Uni-master/2_Semester/Reinforcement_Learning/PistonBall_PPO/src/results/pistonball_rl_governance/PPO_PistonBallRLlibEnvironment_2d3f4_00000_0_2025-06-19_14-44-44/checkpoint_000049)
Checkpoint successfully created at: Checkpoint(filesystem=local, path=/Users/jandupont/Documents/Uni-master/2_Semester/Reinforcement_Learning/PistonBall_PPO/src/results/pistonball_rl_governance/PPO_PistonBallRLlibEnvironment_2d3f4_00000_0_2025-06-19_14-44-44/checkpoint_000050)
Checkpoint successfully created at: Checkpoint(filesystem=local, path=/Users/jandupont/Documents/Uni-master/2_Semester/Reinforcement_Learning/PistonBall_PPO/src/results/pistonball_rl_governance/PPO_PistonBallRLlibEnvironment_2d3f4_00000_0_2025-06-19_14-44-44/checkpoint_000051)
Checkpoint successfully created at: Checkpoint(filesystem=local, path=/Users/jandupont/Documents/Uni-master/2_Semester/Reinforcement_Learning/PistonBall_PPO/src/results/pistonball_rl_governance/PPO_PistonBallRLlibEnvironment_2d3f4_00000_0_2025-06-19_14-44-44/checkpoint_000052)
Checkpoint successfully created at: Checkpoint(filesystem=local, path=/Users/jandupont/Documents/Uni-master/2_Semester/Reinforcement_Learning/PistonBall_PPO/src/results/pistonball_rl_governance/PPO_PistonBallRLlibEnvironment_2d3f4_00000_0_2025-06-19_14-44-44/checkpoint_000053)
Checkpoint successfully created at: Checkpoint(filesystem=local, path=/Users/jandupont/Documents/Uni-master/2_Semester/Reinforcement_Learning/PistonBall_PPO/src/results/pistonball_rl_governance/PPO_PistonBallRLlibEnvironment_2d3f4_00000_0_2025-06-19_14-44-44/checkpoint_000054)
Checkpoint successfully created at: Checkpoint(filesystem=local, path=/Users/jandupont/Documents/Uni-master/2_Semester/Reinforcement_Learning/PistonBall_PPO/src/results/pistonball_rl_governance/PPO_PistonBallRLlibEnvironment_2d3f4_00000_0_2025-06-19_14-44-44/checkpoint_000055)
Checkpoint successfully created at: Checkpoint(filesystem=local, path=/Users/jandupont/Documents/Uni-master/2_Semester/Reinforcement_Learning/PistonBall_PPO/src/results/pistonball_rl_governance/PPO_PistonBallRLlibEnvironment_2d3f4_00000_0_2025-06-19_14-44-44/checkpoint_000056)
Checkpoint successfully created at: Checkpoint(filesystem=local, path=/Users/jandupont/Documents/Uni-master/2_Semester/Reinforcement_Learning/PistonBall_PPO/src/results/pistonball_rl_governance/PPO_PistonBallRLlibEnvironment_2d3f4_00000_0_2025-06-19_14-44-44/checkpoint_000057)
Checkpoint successfully created at: Checkpoint(filesystem=local, path=/Users/jandupont/Documents/Uni-master/2_Semester/Reinforcement_Learning/PistonBall_PPO/src/results/pistonball_rl_governance/PPO_PistonBallRLlibEnvironment_2d3f4_00000_0_2025-06-19_14-44-44/checkpoint_000058)
Checkpoint successfully created at: Checkpoint(filesystem=local, path=/Users/jandupont/Documents/Uni-master/2_Semester/Reinforcement_Learning/PistonBall_PPO/src/results/pistonball_rl_governance/PPO_PistonBallRLlibEnvironment_2d3f4_00000_0_2025-06-19_14-44-44/checkpoint_000059)
Checkpoint successfully created at: Checkpoint(filesystem=local, path=/Users/jandupont/Documents/Uni-master/2_Semester/Reinforcement_Learning/PistonBall_PPO/src/results/pistonball_rl_governance/PPO_PistonBallRLlibEnvironment_2d3f4_00000_0_2025-06-19_14-44-44/checkpoint_000060)
Checkpoint successfully created at: Checkpoint(filesystem=local, path=/Users/jandupont/Documents/Uni-master/2_Semester/Reinforcement_Learning/PistonBall_PPO/src/results/pistonball_rl_governance/PPO_PistonBallRLlibEnvironment_2d3f4_00000_0_2025-06-19_14-44-44/checkpoint_000061)
