:job_id:01000000
:actor_name:RolloutWorker
2025-06-19 14:44:55,556	INFO catalog.py:407 -- Wrapping <class 'ray_models.GovernanceModel'> as None
2025-06-19 14:44:55,558	INFO policy.py:1234 -- Policy (worker=2) running on CPU.
2025-06-19 14:44:55,558	INFO torch_policy_v2.py:105 -- Found 0 visible cuda devices.
2025-06-19 14:44:56,356	INFO catalog.py:407 -- Wrapping <class 'ray_models.PistonParametricModel'> as None
2025-06-19 14:44:56,483	INFO policy.py:1234 -- Policy (worker=2) running on CPU.
2025-06-19 14:44:56,483	INFO torch_policy_v2.py:105 -- Found 0 visible cuda devices.
2025-06-19 14:44:56,866	INFO util.py:118 -- Using connectors:
2025-06-19 14:44:56,866	INFO util.py:119 --     AgentConnectorPipeline
        ObsPreprocessorConnector
        StateBufferConnector
        ViewRequirementAgentConnector
2025-06-19 14:44:56,866	INFO util.py:120 --     ActionConnectorPipeline
        ConvertToNumpyConnector
        NormalizeActionsConnector
        ImmutableActionsConnector
2025-06-19 14:44:56,870	INFO util.py:118 -- Using connectors:
2025-06-19 14:44:56,870	INFO util.py:119 --     AgentConnectorPipeline
        ObsPreprocessorConnector
        StateBufferConnector
        ViewRequirementAgentConnector
2025-06-19 14:44:56,870	INFO util.py:120 --     ActionConnectorPipeline
        ConvertToNumpyConnector
        NormalizeActionsConnector
        ImmutableActionsConnector
